Change Component Comment : Designator=D1 Old Comment=1N5817  New Comment=1N5817
Added Component: Designator=H1(Female_Header_20)
Added Component: Designator=H2(Female_Header_20)
Added Pin To Net: NetName=Rx Pin=H1-5
Added Pin To Net: NetName=Tx Pin=H1-6
Added Pin To Net: NetName=PWM2 Pin=H1-7
Added Pin To Net: NetName=DIR2 Pin=H1-8
Added Pin To Net: NetName=PWM1 Pin=H1-9
Added Pin To Net: NetName=DIR1 Pin=H1-10
Added Pin To Net: NetName=A1 Pin=H1-13
Added Pin To Net: NetName=B1 Pin=H1-14
Added Pin To Net: NetName=A2 Pin=H1-15
Added Pin To Net: NetName=B2 Pin=H1-16
Added Pin To Net: NetName=DIR4 Pin=H2-1
Added Pin To Net: NetName=DIR3 Pin=H2-2
Added Pin To Net: NetName=PWM3 Pin=H2-6
Added Pin To Net: NetName=PWM4 Pin=H2-7
Added Pin To Net: NetName=B3 Pin=H2-14
Added Pin To Net: NetName=A3 Pin=H2-15
Added Pin To Net: NetName=B4 Pin=H2-16
Added Pin To Net: NetName=A4 Pin=H2-17
Added Pin To Net: NetName=VCC Pin=H2-18
Added Pin To Net: NetName=GND Pin=H2-19
Added Pin To Net: NetName=NetH1_1 Pin=H1-1
Added Pin To Net: NetName=NetH1_1 Pin=STM*1-GND
Added Pin To Net: NetName=NetH1_1 Pin=STM*1-GND
Added Pin To Net: NetName=NetH1_1 Pin=STM*1-GND
Added Net: Name=NetH1_1
Added Pin To Net: NetName=NetH1_2 Pin=H1-2
Added Pin To Net: NetName=NetH1_2 Pin=STM*1-GND
Added Pin To Net: NetName=NetH1_2 Pin=STM*1-GND
Added Pin To Net: NetName=NetH1_2 Pin=STM*1-GND
Added Net: Name=NetH1_2
Added Pin To Net: NetName=NetH1_3 Pin=H1-3
Added Pin To Net: NetName=NetH1_3 Pin=STM*1-3V3
Added Pin To Net: NetName=NetH1_3 Pin=STM*1-3V3
Added Net: Name=NetH1_3
Added Pin To Net: NetName=NetH1_4 Pin=H1-4
Added Pin To Net: NetName=NetH1_4 Pin=STM*1-RES
Added Net: Name=NetH1_4
Added Pin To Net: NetName=NetH1_11 Pin=H1-11
Added Pin To Net: NetName=NetH1_11 Pin=STM*1-PA_5
Added Net: Name=NetH1_11
Added Pin To Net: NetName=NetH1_12 Pin=H1-12
Added Pin To Net: NetName=NetH1_12 Pin=STM*1-PA_4
Added Net: Name=NetH1_12
Added Pin To Net: NetName=NetH1_17 Pin=H1-17
Added Pin To Net: NetName=NetH1_17 Pin=STM*1-PC_15
Added Net: Name=NetH1_17
Added Pin To Net: NetName=NetH1_18 Pin=H1-18
Added Pin To Net: NetName=NetH1_18 Pin=STM*1-PC_14
Added Net: Name=NetH1_18
Added Pin To Net: NetName=NetH1_19 Pin=H1-19
Added Pin To Net: NetName=NetH1_19 Pin=STM*1-PC_13
Added Net: Name=NetH1_19
Added Pin To Net: NetName=NetH1_20 Pin=H1-20
Added Pin To Net: NetName=NetH1_20 Pin=STM*1-VBT
Added Net: Name=NetH1_20
Added Pin To Net: NetName=NetH2_3 Pin=H2-3
Added Pin To Net: NetName=NetH2_3 Pin=STM*1-PB_14
Added Net: Name=NetH2_3
Added Pin To Net: NetName=NetH2_4 Pin=H2-4
Added Pin To Net: NetName=NetH2_4 Pin=STM*1-PB_15
Added Net: Name=NetH2_4
Added Pin To Net: NetName=NetH2_5 Pin=H2-5
Added Pin To Net: NetName=NetH2_5 Pin=STM*1-PA_8
Added Net: Name=NetH2_5
Added Pin To Net: NetName=NetH2_8 Pin=H2-8
Added Pin To Net: NetName=NetH2_8 Pin=STM*1-PA_11
Added Net: Name=NetH2_8
Added Pin To Net: NetName=NetH2_9 Pin=H2-9
Added Pin To Net: NetName=NetH2_9 Pin=STM*1-PA_12
Added Net: Name=NetH2_9
Added Pin To Net: NetName=NetH2_10 Pin=H2-10
Added Pin To Net: NetName=NetH2_10 Pin=STM*1-PA_15
Added Net: Name=NetH2_10
Added Pin To Net: NetName=NetH2_11 Pin=H2-11
Added Pin To Net: NetName=NetH2_11 Pin=STM*1-PB_3
Added Net: Name=NetH2_11
Added Pin To Net: NetName=NetH2_12 Pin=H2-12
Added Net: Name=NetH2_12
Added Pin To Net: NetName=NetH2_13 Pin=H2-13
Added Net: Name=NetH2_13
Added Pin To Net: NetName=NetH2_20 Pin=H2-20
Added Pin To Net: NetName=NetH2_20 Pin=STM*1-3V3
Added Pin To Net: NetName=NetH2_20 Pin=STM*1-3V3
Added Net: Name=NetH2_20
Added Member To Class: ClassName=Sheet1 Member=Component H1 FEMALE_HEADER_20
Added Member To Class: ClassName=Sheet1 Member=Component H2 FEMALE_HEADER_20
Added Room: Name=Sheet1
