Added Pin To Net: NetName=NetH1_1 Pin=H1-1
Added Pin To Net: NetName=NetH1_1 Pin=STM?-GND@2
Added Net: Name=NetH1_1
Added Pin To Net: NetName=NetH1_2 Pin=H1-2
Added Pin To Net: NetName=NetH1_2 Pin=STM?-GND@3
Added Net: Name=NetH1_2
Added Pin To Net: NetName=NetH1_3 Pin=H1-3
Added Pin To Net: NetName=NetH1_3 Pin=STM?-3V3@2
Added Net: Name=NetH1_3
Added Pin To Net: NetName=NetH1_4 Pin=H1-4
Added Pin To Net: NetName=NetH1_4 Pin=STM?-RES
Added Net: Name=NetH1_4
Added Pin To Net: NetName=NetH1_11 Pin=H1-11
Added Pin To Net: NetName=NetH1_11 Pin=STM?-PA_5
Added Net: Name=NetH1_11
Added Pin To Net: NetName=NetH1_12 Pin=H1-12
Added Pin To Net: NetName=NetH1_12 Pin=STM?-PA_4
Added Net: Name=NetH1_12
Added Pin To Net: NetName=NetH1_17 Pin=H1-17
Added Pin To Net: NetName=NetH1_17 Pin=STM?-PC_15
Added Net: Name=NetH1_17
Added Pin To Net: NetName=NetH1_18 Pin=H1-18
Added Pin To Net: NetName=NetH1_18 Pin=STM?-PC_14
Added Net: Name=NetH1_18
Added Pin To Net: NetName=NetH1_19 Pin=H1-19
Added Pin To Net: NetName=NetH1_19 Pin=STM?-PC_13
Added Net: Name=NetH1_19
Added Pin To Net: NetName=NetH1_20 Pin=H1-20
Added Pin To Net: NetName=NetH1_20 Pin=STM?-VBT
Added Net: Name=NetH1_20
Added Room: Name=Sheet1
