Removed Pin From Net: NetName=PWM2 Pin=H1-7
Removed Pin From Net: NetName=DIR2 Pin=H1-8
Removed Pin From Net: NetName=PWM1 Pin=H1-9
Removed Pin From Net: NetName=DIR1 Pin=H1-10
Removed Pin From Net: NetName=PWM3 Pin=H2-6
Removed Pin From Net: NetName=PWM4 Pin=H2-7
Removed Pin From Net: NetName=DIR1 Pin=STM?-PA_6
Removed Pin From Net: NetName=PWM1 Pin=STM?-PA_7
Removed Pin From Net: NetName=PWM3 Pin=STM?-PA_9
Removed Pin From Net: NetName=PWM4 Pin=STM?-PA_10
Removed Pin From Net: NetName=DIR2 Pin=STM?-PB_0
Removed Pin From Net: NetName=PWM2 Pin=STM?-PB_1
Added Pin To Net: NetName=PWM3 Pin=H1-7
Added Pin To Net: NetName=PWM4 Pin=H1-8
Added Pin To Net: NetName=PWM2 Pin=H1-9
Added Pin To Net: NetName=PWM1 Pin=H1-10
Added Pin To Net: NetName=DIR1 Pin=H1-11
Added Pin To Net: NetName=DIR2 Pin=H1-12
Added Pin To Net: NetName=DIR2 Pin=STM?-PA_4
Added Pin To Net: NetName=DIR1 Pin=STM?-PA_5
Added Pin To Net: NetName=PWM1 Pin=STM?-PA_6
Added Pin To Net: NetName=PWM2 Pin=STM?-PA_7
Added Pin To Net: NetName=PWM4 Pin=STM?-PB_0
Added Pin To Net: NetName=PWM3 Pin=STM?-PB_1
Added Pin To Net: NetName=NetH2_6 Pin=H2-6
Added Pin To Net: NetName=NetH2_6 Pin=STM?-PA_9
Added Net: Name=NetH2_6
Added Pin To Net: NetName=NetH2_7 Pin=H2-7
Added Pin To Net: NetName=NetH2_7 Pin=STM?-PA_10
Added Net: Name=NetH2_7
Added Room: Name=Sheet1
