Change Component Designator: OldDesignator=H* NewDesignator=H2
Added Component: Designator=H1(Female_Header_20)
Added Pin To Net: NetName=Rx Pin=H1-5
Added Pin To Net: NetName=Tx Pin=H1-6
Added Pin To Net: NetName=PWM2 Pin=H1-7
Added Pin To Net: NetName=DIR2 Pin=H1-8
Added Pin To Net: NetName=PWM1 Pin=H1-9
Added Pin To Net: NetName=DIR1 Pin=H1-10
Added Pin To Net: NetName=A1 Pin=H1-13
Added Pin To Net: NetName=B1 Pin=H1-14
Added Pin To Net: NetName=A2 Pin=H1-15
Added Pin To Net: NetName=B2 Pin=H1-16
Added Pin To Net: NetName=DIR4 Pin=H2-1
Added Pin To Net: NetName=DIR3 Pin=H2-2
Change Net Name : Old Net Name=NetH*_8 New Net Name=NetH2_8
Change Net Name : Old Net Name=NetH*_9 New Net Name=NetH2_9
Change Net Name : Old Net Name=NetH*_10 New Net Name=NetH2_10
Change Net Name : Old Net Name=NetH*_11 New Net Name=NetH2_11
Change Net Name : Old Net Name=NetH*_12 New Net Name=NetH2_12
Change Net Name : Old Net Name=NetH*_13 New Net Name=NetH2_13
Change Net Name : Old Net Name=NetH*_20 New Net Name=NetH2_20
Added Pin To Net: NetName=NetH1_1 Pin=H1-1
Added Pin To Net: NetName=NetH1_1 Pin=STM*-GND
Added Pin To Net: NetName=NetH1_1 Pin=STM*-GND
Added Pin To Net: NetName=NetH1_1 Pin=STM*-GND
Added Net: Name=NetH1_1
Added Pin To Net: NetName=NetH1_2 Pin=H1-2
Added Pin To Net: NetName=NetH1_2 Pin=STM*-GND
Added Pin To Net: NetName=NetH1_2 Pin=STM*-GND
Added Pin To Net: NetName=NetH1_2 Pin=STM*-GND
Added Net: Name=NetH1_2
Added Pin To Net: NetName=NetH1_3 Pin=H1-3
Added Pin To Net: NetName=NetH1_3 Pin=STM*-3V3
Added Pin To Net: NetName=NetH1_3 Pin=STM*-3V3
Added Net: Name=NetH1_3
Added Pin To Net: NetName=NetH1_4 Pin=H1-4
Added Pin To Net: NetName=NetH1_4 Pin=STM*-RES
Added Net: Name=NetH1_4
Added Pin To Net: NetName=NetH1_11 Pin=H1-11
Added Pin To Net: NetName=NetH1_11 Pin=STM*-PA_5
Added Net: Name=NetH1_11
Added Pin To Net: NetName=NetH1_12 Pin=H1-12
Added Pin To Net: NetName=NetH1_12 Pin=STM*-PA_4
Added Net: Name=NetH1_12
Added Pin To Net: NetName=NetH1_17 Pin=H1-17
Added Pin To Net: NetName=NetH1_17 Pin=STM*-PC_15
Added Net: Name=NetH1_17
Added Pin To Net: NetName=NetH1_18 Pin=H1-18
Added Pin To Net: NetName=NetH1_18 Pin=STM*-PC_14
Added Net: Name=NetH1_18
Added Pin To Net: NetName=NetH1_19 Pin=H1-19
Added Pin To Net: NetName=NetH1_19 Pin=STM*-PC_13
Added Net: Name=NetH1_19
Added Pin To Net: NetName=NetH1_20 Pin=H1-20
Added Pin To Net: NetName=NetH1_20 Pin=STM*-VBT
Added Net: Name=NetH1_20
Added Pin To Net: NetName=NetH2_3 Pin=H2-3
Added Pin To Net: NetName=NetH2_3 Pin=STM*-PB_14
Added Net: Name=NetH2_3
Added Pin To Net: NetName=NetH2_4 Pin=H2-4
Added Pin To Net: NetName=NetH2_4 Pin=STM*-PB_15
Added Net: Name=NetH2_4
Added Pin To Net: NetName=NetH2_5 Pin=H2-5
Added Pin To Net: NetName=NetH2_5 Pin=STM*-PA_8
Added Net: Name=NetH2_5
Added Member To Class: ClassName=Sheet1 Member=Component H1 FEMALE_HEADER_20
