Removed Pin From Net: NetName=Rx Pin=H1-5
Removed Pin From Net: NetName=Tx Pin=H1-6
Removed Pin From Net: NetName=PWM2 Pin=H1-7
Removed Pin From Net: NetName=DIR2 Pin=H1-8
Removed Pin From Net: NetName=PWM1 Pin=H1-9
Removed Pin From Net: NetName=DIR1 Pin=H1-10
Removed Pin From Net: NetName=A1 Pin=H1-13
Removed Pin From Net: NetName=B1 Pin=H1-14
Removed Pin From Net: NetName=A2 Pin=H1-15
Removed Pin From Net: NetName=B2 Pin=H1-16
Removed Pin From Net: NetName=DIR4 Pin=H2-1
Removed Pin From Net: NetName=DIR3 Pin=H2-2
Removed Pin From Net: NetName=PWM3 Pin=H2-6
Removed Pin From Net: NetName=PWM4 Pin=H2-7
Removed Pin From Net: NetName=B3 Pin=H2-14
Removed Pin From Net: NetName=A3 Pin=H2-15
Removed Pin From Net: NetName=B4 Pin=H2-16
Removed Pin From Net: NetName=A4 Pin=H2-17
Removed Pin From Net: NetName=VCC Pin=H2-18
Removed Pin From Net: NetName=GND Pin=H2-19
Removed Member From Class: ClassName=Sheet1 Member=H1
Removed Member From Class: ClassName=Sheet1 Member=H2
Added Pin To Net: NetName=GND Pin=STM*1-GND
Added Pin To Net: NetName=GND Pin=STM*1-GND
Added Pin To Net: NetName=GND Pin=STM*1-GND
