Removed Pin From Net: NetName=PWM3 Pin=H*-6
Removed Pin From Net: NetName=PWM4 Pin=H*-7
Removed Pin From Net: NetName=B3 Pin=H*-14
Removed Pin From Net: NetName=A3 Pin=H*-15
Removed Pin From Net: NetName=B4 Pin=H*-16
Removed Pin From Net: NetName=A4 Pin=H*-17
Removed Pin From Net: NetName=VCC Pin=H*-18
Removed Pin From Net: NetName=GND Pin=H*-19
Removed Pin From Net: NetName=VCC Pin=STM*1-5V
Removed Pin From Net: NetName=GND Pin=STM*1-GND
Removed Pin From Net: NetName=GND Pin=STM*1-GND
Removed Pin From Net: NetName=GND Pin=STM*1-GND
Removed Pin From Net: NetName=B2 Pin=STM*1-PA_0
Removed Pin From Net: NetName=A2 Pin=STM*1-PA_1
Removed Pin From Net: NetName=B1 Pin=STM*1-PA_2
Removed Pin From Net: NetName=A1 Pin=STM*1-PA_3
Removed Pin From Net: NetName=DIR1 Pin=STM*1-PA_6
Removed Pin From Net: NetName=PWM1 Pin=STM*1-PA_7
Removed Pin From Net: NetName=PWM3 Pin=STM*1-PA_9
Removed Pin From Net: NetName=PWM4 Pin=STM*1-PA_10
Removed Pin From Net: NetName=DIR2 Pin=STM*1-PB_0
Removed Pin From Net: NetName=PWM2 Pin=STM*1-PB_1
Removed Pin From Net: NetName=B3 Pin=STM*1-PB_6
Removed Pin From Net: NetName=A3 Pin=STM*1-PB_7
Removed Pin From Net: NetName=B4 Pin=STM*1-PB_8
Removed Pin From Net: NetName=A4 Pin=STM*1-PB_9
Removed Pin From Net: NetName=Tx Pin=STM*1-PB_10
Removed Pin From Net: NetName=Rx Pin=STM*1-PB_11
Removed Pin From Net: NetName=DIR4 Pin=STM*1-PB_12
Removed Pin From Net: NetName=DIR3 Pin=STM*1-PB_13
Removed Member From Class: ClassName=Sheet1 Member=H*
Removed Member From Class: ClassName=Sheet1 Member=STM*1
Added Component: Designator=STM*(STM32)
Added Pin To Net: NetName=VCC Pin=STM*-5V
Added Pin To Net: NetName=GND Pin=STM*-GND
Added Pin To Net: NetName=GND Pin=STM*-GND
Added Pin To Net: NetName=GND Pin=STM*-GND
Added Pin To Net: NetName=B2 Pin=STM*-PA_0
Added Pin To Net: NetName=A2 Pin=STM*-PA_1
Added Pin To Net: NetName=B1 Pin=STM*-PA_2
Added Pin To Net: NetName=A1 Pin=STM*-PA_3
Added Pin To Net: NetName=DIR1 Pin=STM*-PA_6
Added Pin To Net: NetName=PWM1 Pin=STM*-PA_7
Added Pin To Net: NetName=PWM3 Pin=STM*-PA_9
Added Pin To Net: NetName=PWM4 Pin=STM*-PA_10
Added Pin To Net: NetName=DIR2 Pin=STM*-PB_0
Added Pin To Net: NetName=PWM2 Pin=STM*-PB_1
Added Pin To Net: NetName=B3 Pin=STM*-PB_6
Added Pin To Net: NetName=A3 Pin=STM*-PB_7
Added Pin To Net: NetName=B4 Pin=STM*-PB_8
Added Pin To Net: NetName=A4 Pin=STM*-PB_9
Added Pin To Net: NetName=Tx Pin=STM*-PB_10
Added Pin To Net: NetName=Rx Pin=STM*-PB_11
Added Pin To Net: NetName=DIR4 Pin=STM*-PB_12
Added Pin To Net: NetName=DIR3 Pin=STM*-PB_13
Added Member To Class: ClassName=Sheet1 Member=Component STM* STM32
Added Room: Name=Sheet1
